<?xml version="1.0" encoding="UTF-8"?>
<!-- Generated by org.testng.reporters.JUnitReportReporter -->
<testsuite hostname="DDC5-L-1339X3L" failures="0" tests="1" name="StepDefinitions.AAfeature" time="12.898" errors="0" timestamp="2024-12-09T09:52:43 IST" skipped="0">
  <testcase classname="StepDefinitions.AAfeature" name="user_navigates_to_re_application_url" time="12.898"/>
</testsuite> <!-- StepDefinitions.AAfeature -->
